<?xml version="1.0" encoding="UTF-8"?>
<robot generator="Robot 6.1.1 (Python 3.10.3 on win32)" generated="20230918 11:21:39.635" rpa="false" schemaversion="4">
<suite id="s1" name="First" source="C:\Users\DIYGUPTA\Robot_Framework\first.robot">
<test id="s1-t1" name="List the element" line="2">
<kw name="Create List" library="BuiltIn">
<var>${my_list}</var>
<arg>Apple</arg>
<arg>Banana</arg>
<arg>Orange</arg>
<doc>Returns a list containing given items.</doc>
<msg timestamp="20230918 11:21:39.671" level="INFO">${my_list} = ['Apple', 'Banana', 'Orange']</msg>
<status status="PASS" starttime="20230918 11:21:39.670" endtime="20230918 11:21:39.671"/>
</kw>
<kw name="Should Not Contain" library="BuiltIn">
<arg>${my_list}</arg>
<arg>Xyz</arg>
<doc>Fails if ``container`` contains ``item`` one or more times.</doc>
<status status="PASS" starttime="20230918 11:21:39.671" endtime="20230918 11:21:39.672"/>
</kw>
<kw name="Should Contain" library="BuiltIn">
<arg>${my_list}</arg>
<arg>Apple</arg>
<doc>Fails if ``container`` does not contain ``item`` one or more times.</doc>
<status status="PASS" starttime="20230918 11:21:39.673" endtime="20230918 11:21:39.673"/>
</kw>
<status status="PASS" starttime="20230918 11:21:39.670" endtime="20230918 11:21:39.674"/>
</test>
<status status="PASS" starttime="20230918 11:21:39.638" endtime="20230918 11:21:39.675"/>
</suite>
<statistics>
<total>
<stat pass="1" fail="0" skip="0">All Tests</stat>
</total>
<tag>
</tag>
<suite>
<stat pass="1" fail="0" skip="0" id="s1" name="First">First</stat>
</suite>
</statistics>
<errors>
</errors>
</robot>
